<?xml version="1.0" encoding="UTF-8"?>
<!-- Generated by org.testng.reporters.JUnitReportReporter -->
<testsuite hostname="root.local" failures="0" tests="1" name="com.RestAssured.SDET.T001_GET_Request" time="1.029" errors="0" timestamp="2020-03-16T11:21:04 EDT" skipped="0">
  <testcase classname="com.RestAssured.SDET.T001_GET_Request" name="getWeatherDetails" time="1.029"/>
</testsuite> <!-- com.RestAssured.SDET.T001_GET_Request -->
