<?xml version="1.0" encoding="UTF-8"?>
<!-- Generated by org.testng.reporters.JUnitReportReporter -->
<testsuite hostname="root.local" failures="0" tests="1" name="authentications.RestAssuredAuth2" time="0.727" errors="0" timestamp="2020-03-31T03:41:28 EDT" skipped="0">
  <testcase classname="authentications.RestAssuredAuth2" name="test2" time="0.727"/>
</testsuite> <!-- authentications.RestAssuredAuth2 -->
