<?xml version="1.0" encoding="UTF-8"?>
<!-- Generated by org.testng.reporters.JUnitReportReporter -->
<testsuite hostname="root.local" failures="0" tests="1" name="com.RestAssured.SDET.T002_POST_Request" time="1.385" errors="0" timestamp="2020-03-30T18:25:43 EDT" skipped="0">
  <testcase classname="com.RestAssured.SDET.T002_POST_Request" name="postWeatherDetails" time="1.385"/>
</testsuite> <!-- com.RestAssured.SDET.T002_POST_Request -->
