<?xml version="1.0" encoding="UTF-8"?>
<!-- Generated by org.testng.reporters.JUnitReportReporter -->
<testsuite hostname="root.local" failures="0" tests="1" name="com.RestAssured.SDET.TestCase.T007_GET_Autherization" time="0.216" errors="0" timestamp="10 May 2020 05:18:39 GMT">
  <testcase classname="com.RestAssured.SDET.TestCase.T007_GET_Autherization" name="AuthorizationTest" time="0.216"/>
</testsuite> <!-- com.RestAssured.SDET.TestCase.T007_GET_Autherization -->
