<?xml version="1.0" encoding="UTF-8"?>
<!-- Generated by org.testng.reporters.JUnitReportReporter -->
<testsuite hostname="root.local" failures="0" tests="10" name="com.RestAssured.SDET.TestCase.TC001_Get_All_Employees" time="0.012" errors="0" timestamp="10 May 2020 04:34:02 GMT">
  <testcase classname="com.RestAssured.SDET.TestCase.TC001_Get_All_Employees" name="checkStatusCode" time="0.001"/>
  <testcase classname="com.RestAssured.SDET.TestCase.TC001_Get_All_Employees" name="checkStatusLine" time="0.000"/>
  <testcase classname="com.RestAssured.SDET.TestCase.TC001_Get_All_Employees" name="checkServerType" time="0.001"/>
  <testcase classname="com.RestAssured.SDET.TestCase.TC001_Get_All_Employees" name="checkResponseBody" time="0.002"/>
  <testcase classname="com.RestAssured.SDET.TestCase.TC001_Get_All_Employees" name="checkResponseTime" time="0.001"/>
  <testcase classname="com.RestAssured.SDET.TestCase.TC001_Get_All_Employees" name="tearDown" time="0.001"/>
  <testcase classname="com.RestAssured.SDET.TestCase.TC001_Get_All_Employees" name="checkContaintType" time="0.002"/>
  <testcase classname="com.RestAssured.SDET.TestCase.TC001_Get_All_Employees" name="getCookies" time="0.001"/>
  <testcase classname="com.RestAssured.SDET.TestCase.TC001_Get_All_Employees" name="checkContentLength" time="0.001"/>
  <testcase classname="com.RestAssured.SDET.TestCase.TC001_Get_All_Employees" name="checkingEncoding" time="0.002"/>
</testsuite> <!-- com.RestAssured.SDET.TestCase.TC001_Get_All_Employees -->
