<?xml version="1.0" encoding="UTF-8"?>
<!-- Generated by org.testng.reporters.JUnitReportReporter -->
<testsuite hostname="root.local" failures="0" tests="1" name="com.RestAssured.SDET.T006_GET_ExtractValueofEachNode_JSON" time="1.511" errors="0" timestamp="2020-03-31T00:56:00 EDT" skipped="0">
  <testcase classname="com.RestAssured.SDET.T006_GET_ExtractValueofEachNode_JSON" name="getWeatherDetailsJOSN" time="1.511"/>
</testsuite> <!-- com.RestAssured.SDET.T006_GET_ExtractValueofEachNode_JSON -->
