<?xml version="1.0" encoding="UTF-8"?>
<!-- Generated by org.testng.reporters.JUnitReportReporter -->
<testsuite hostname="root.local" failures="0" tests="1" name="com.RestAssured.SDET.TestCase.T003_GET_Request" time="0.863" errors="0" timestamp="10 May 2020 04:34:02 GMT">
  <testcase classname="com.RestAssured.SDET.TestCase.T003_GET_Request" name="getGoogleMapTest" time="0.863"/>
</testsuite> <!-- com.RestAssured.SDET.TestCase.T003_GET_Request -->
