<?xml version="1.0" encoding="UTF-8"?>
<!-- Generated by org.testng.reporters.JUnitReportReporter -->
<testsuite hostname="root.local" failures="0" tests="1" name="com.RestAssured.SDET.T007_GET_Autherization" time="1.359" errors="0" timestamp="2020-03-31T02:44:23 EDT" skipped="0">
  <testcase classname="com.RestAssured.SDET.T007_GET_Autherization" name="AuthorizationTest" time="1.359"/>
</testsuite> <!-- com.RestAssured.SDET.T007_GET_Autherization -->
