<?xml version="1.0" encoding="UTF-8"?>
<!-- Generated by org.testng.reporters.JUnitReportReporter -->
<testsuite hostname="root.local" failures="0" tests="1" name="com.RestAssured.SDET.GET_All_Headers" time="1.895" errors="0" timestamp="2020-03-30T23:53:14 EDT" skipped="0">
  <testcase classname="com.RestAssured.SDET.GET_All_Headers" name="getWeatherDetails" time="1.895"/>
</testsuite> <!-- com.RestAssured.SDET.GET_All_Headers -->
