<?xml version="1.0" encoding="UTF-8"?>
<!-- Generated by org.testng.reporters.JUnitReportReporter -->
<testsuite hostname="root.local" failures="0" tests="1" name="com.RestAssured.SDET.T003_GET_Request" time="1.706" errors="0" timestamp="2020-03-30T22:55:16 EDT" skipped="0">
  <testcase classname="com.RestAssured.SDET.T003_GET_Request" name="getGoogleMapTest" time="1.706"/>
</testsuite> <!-- com.RestAssured.SDET.T003_GET_Request -->
