<?xml version="1.0" encoding="UTF-8"?>
<!-- Generated by org.testng.reporters.JUnitReportReporter -->
<testsuite hostname="root.local" failures="0" tests="4" name="dataDriveTest.DataDrivenTest_addNewEmployees" time="3.321" errors="0" timestamp="2020-03-31T23:55:28 EDT" skipped="0">
  <testcase classname="dataDriveTest.DataDrivenTest_addNewEmployees" name="addPostNewEmpoyee" time="1.663"/>
  <testcase classname="dataDriveTest.DataDrivenTest_addNewEmployees" name="addPostNewEmpoyee" time="0.638"/>
  <testcase classname="dataDriveTest.DataDrivenTest_addNewEmployees" name="addPostNewEmpoyee" time="0.565"/>
  <testcase classname="dataDriveTest.DataDrivenTest_addNewEmployees" name="addPostNewEmpoyee" time="0.455"/>
</testsuite> <!-- dataDriveTest.DataDrivenTest_addNewEmployees -->
