<?xml version="1.0" encoding="UTF-8"?>
<!-- Generated by org.testng.reporters.JUnitReportReporter -->
<testsuite hostname="root.local" failures="0" tests="1" name="com.RestAssured.SDET.TestCase.T001_GET_Request" time="1.268" errors="0" timestamp="10 May 2020 04:34:02 GMT">
  <testcase classname="com.RestAssured.SDET.TestCase.T001_GET_Request" name="getWeatherDetails" time="1.268"/>
</testsuite> <!-- com.RestAssured.SDET.TestCase.T001_GET_Request -->
