<?xml version="1.0" encoding="UTF-8"?>
<!-- Generated by org.testng.reporters.JUnitReportReporter -->
<testsuite hostname="root.local" failures="0" tests="1" name="com.RestAssured.SDET.TestCase.T002_POST_Request" time="1.489" errors="0" timestamp="2020-04-19T22:17:14 EDT" skipped="0">
  <testcase classname="com.RestAssured.SDET.TestCase.T002_POST_Request" name="postWeatherDetails" time="1.489"/>
</testsuite> <!-- com.RestAssured.SDET.TestCase.T002_POST_Request -->
