<?xml version="1.0" encoding="UTF-8"?>
<!-- Generated by org.testng.reporters.JUnitReportReporter -->
<testsuite hostname="root.local" failures="0" tests="1" name="com.RestAssured.SDET.T005_GET_JSON_RESPONSE" time="1.286" errors="0" timestamp="2020-03-31T00:11:37 EDT" skipped="0">
  <testcase classname="com.RestAssured.SDET.T005_GET_JSON_RESPONSE" name="getWeatherDetails" time="1.286"/>
</testsuite> <!-- com.RestAssured.SDET.T005_GET_JSON_RESPONSE -->
