<?xml version="1.0" encoding="UTF-8"?>
<!-- Generated by org.testng.reporters.JUnitReportReporter -->
<testsuite hostname="root.local" failures="0" tests="1" name="com.RestAssured.SDET.T004_GET_All_Headers" time="1.340" errors="0" timestamp="2020-03-31T00:21:50 EDT" skipped="0">
  <testcase classname="com.RestAssured.SDET.T004_GET_All_Headers" name="getWeatherDetails" time="1.340"/>
</testsuite> <!-- com.RestAssured.SDET.T004_GET_All_Headers -->
