<?xml version="1.0" encoding="UTF-8"?>
<!-- Generated by org.testng.reporters.JUnitReportReporter -->
<testsuite hostname="root.local" failures="0" tests="1" name="com.RestAssured.SDET.TestCase.T004_GET_All_Headers" time="0.179" errors="0" timestamp="10 May 2020 05:18:39 GMT">
  <testcase classname="com.RestAssured.SDET.TestCase.T004_GET_All_Headers" name="getWeatherDetails" time="0.179"/>
</testsuite> <!-- com.RestAssured.SDET.TestCase.T004_GET_All_Headers -->
