<?xml version="1.0" encoding="UTF-8"?>
<!-- Generated by org.testng.reporters.JUnitReportReporter -->
<testsuite hostname="root.local" failures="0" tests="1" name="authentications.RestAssuredAuth1" time="1.197" errors="0" timestamp="2020-03-31T03:34:05 EDT" skipped="0">
  <testcase classname="authentications.RestAssuredAuth1" name="test1" time="1.197"/>
</testsuite> <!-- authentications.RestAssuredAuth1 -->
